2018-06-18 02:15:22,052:INFO: Loading the datasets...
2018-06-18 02:15:22,091:INFO: - done.
2018-06-18 02:15:25,704:INFO: Starting training for 10 epoch(s)
2018-06-18 02:15:25,704:INFO: Epoch 1/10
2018-06-18 02:15:37,466:INFO: - Train metrics: PSNR: 11.870 ; SSIM: 0.338 ; loss: 12133.034
2018-06-18 02:15:41,274:INFO: - Eval metrics : PSNR: 19.376 ; SSIM: 0.685 ; loss: 821.530
2018-06-18 02:15:41,350:INFO: - Found new best accuracy
2018-06-18 02:15:41,350:INFO: Epoch 2/10
2018-06-18 02:15:53,323:INFO: - Train metrics: PSNR: 20.431 ; SSIM: 0.759 ; loss: 677.015
2018-06-18 02:15:56,705:INFO: - Eval metrics : PSNR: 22.624 ; SSIM: 0.860 ; loss: 391.420
2018-06-18 02:15:56,709:INFO: - Found new best accuracy
2018-06-18 02:15:56,710:INFO: Epoch 3/10
2018-06-18 02:16:08,590:INFO: - Train metrics: PSNR: 22.911 ; SSIM: 0.875 ; loss: 366.312
2018-06-18 02:16:12,330:INFO: - Eval metrics : PSNR: 23.787 ; SSIM: 0.885 ; loss: 299.242
2018-06-18 02:16:12,337:INFO: - Found new best accuracy
2018-06-18 02:16:12,338:INFO: Epoch 4/10
2018-06-18 02:16:24,175:INFO: - Train metrics: PSNR: 23.553 ; SSIM: 0.894 ; loss: 313.364
2018-06-18 02:16:27,522:INFO: - Eval metrics : PSNR: 24.466 ; SSIM: 0.897 ; loss: 255.724
2018-06-18 02:16:27,530:INFO: - Found new best accuracy
2018-06-18 02:16:27,530:INFO: Epoch 5/10
2018-06-18 02:16:39,546:INFO: - Train metrics: PSNR: 24.270 ; SSIM: 0.907 ; loss: 268.736
2018-06-18 02:16:42,997:INFO: - Eval metrics : PSNR: 25.001 ; SSIM: 0.905 ; loss: 226.827
2018-06-18 02:16:43,005:INFO: - Found new best accuracy
2018-06-18 02:16:43,006:INFO: Epoch 6/10
2018-06-18 02:16:54,921:INFO: - Train metrics: PSNR: 24.882 ; SSIM: 0.914 ; loss: 232.026
2018-06-18 02:16:58,298:INFO: - Eval metrics : PSNR: 25.380 ; SSIM: 0.911 ; loss: 208.359
2018-06-18 02:16:58,306:INFO: - Found new best accuracy
2018-06-18 02:16:58,306:INFO: Epoch 7/10
2018-06-18 02:17:10,320:INFO: - Train metrics: PSNR: 25.460 ; SSIM: 0.918 ; loss: 206.855
2018-06-18 02:17:13,653:INFO: - Eval metrics : PSNR: 25.638 ; SSIM: 0.915 ; loss: 196.886
2018-06-18 02:17:13,661:INFO: - Found new best accuracy
2018-06-18 02:17:13,661:INFO: Epoch 8/10
2018-06-18 02:17:25,444:INFO: - Train metrics: PSNR: 25.333 ; SSIM: 0.915 ; loss: 221.116
2018-06-18 02:17:28,751:INFO: - Eval metrics : PSNR: 25.802 ; SSIM: 0.918 ; loss: 189.938
2018-06-18 02:17:28,755:INFO: - Found new best accuracy
2018-06-18 02:17:28,755:INFO: Epoch 9/10
2018-06-18 02:17:40,692:INFO: - Train metrics: PSNR: 25.480 ; SSIM: 0.919 ; loss: 208.569
2018-06-18 02:17:44,015:INFO: - Eval metrics : PSNR: 25.916 ; SSIM: 0.921 ; loss: 185.354
2018-06-18 02:17:44,019:INFO: - Found new best accuracy
2018-06-18 02:17:44,020:INFO: Epoch 10/10
2018-06-18 02:17:55,825:INFO: - Train metrics: PSNR: 25.999 ; SSIM: 0.927 ; loss: 181.710
2018-06-18 02:17:59,141:INFO: - Eval metrics : PSNR: 26.004 ; SSIM: 0.923 ; loss: 181.970
2018-06-18 02:17:59,149:INFO: - Found new best accuracy
2018-06-18 02:35:09,962:INFO: Loading the datasets...
2018-06-18 02:35:10,001:INFO: - done.
2018-06-18 02:35:13,636:INFO: Starting training for 20 epoch(s)
2018-06-18 02:35:13,637:INFO: Epoch 1/20
2018-06-18 02:35:25,867:INFO: - Train metrics: PSNR: 11.870 ; SSIM: 0.338 ; loss: 12133.034
2018-06-18 02:35:29,518:INFO: - Eval metrics : PSNR: 19.376 ; SSIM: 0.685 ; loss: 821.530
2018-06-18 02:35:29,591:INFO: - Found new best accuracy
2018-06-18 02:35:29,592:INFO: Epoch 2/20
2018-06-18 02:35:41,744:INFO: - Train metrics: PSNR: 20.431 ; SSIM: 0.759 ; loss: 677.015
2018-06-18 02:35:45,427:INFO: - Eval metrics : PSNR: 22.624 ; SSIM: 0.860 ; loss: 391.421
2018-06-18 02:35:45,437:INFO: - Found new best accuracy
2018-06-18 02:35:45,437:INFO: Epoch 3/20
2018-06-18 02:35:57,741:INFO: - Train metrics: PSNR: 22.911 ; SSIM: 0.875 ; loss: 366.313
2018-06-18 02:36:01,350:INFO: - Eval metrics : PSNR: 23.787 ; SSIM: 0.885 ; loss: 299.242
2018-06-18 02:36:01,358:INFO: - Found new best accuracy
2018-06-18 02:36:01,359:INFO: Epoch 4/20
2018-06-18 02:36:13,557:INFO: - Train metrics: PSNR: 23.553 ; SSIM: 0.894 ; loss: 313.364
2018-06-18 02:36:17,262:INFO: - Eval metrics : PSNR: 24.466 ; SSIM: 0.897 ; loss: 255.723
2018-06-18 02:36:17,266:INFO: - Found new best accuracy
2018-06-18 02:36:17,266:INFO: Epoch 5/20
2018-06-18 02:36:29,716:INFO: - Train metrics: PSNR: 24.270 ; SSIM: 0.907 ; loss: 268.735
2018-06-18 02:36:33,337:INFO: - Eval metrics : PSNR: 25.001 ; SSIM: 0.905 ; loss: 226.825
2018-06-18 02:36:33,345:INFO: - Found new best accuracy
2018-06-18 02:36:33,345:INFO: Epoch 6/20
2018-06-18 02:36:45,490:INFO: - Train metrics: PSNR: 24.882 ; SSIM: 0.914 ; loss: 232.024
2018-06-18 02:36:49,111:INFO: - Eval metrics : PSNR: 25.380 ; SSIM: 0.911 ; loss: 208.357
2018-06-18 02:36:49,119:INFO: - Found new best accuracy
2018-06-18 02:36:49,120:INFO: Epoch 7/20
2018-06-18 02:37:01,475:INFO: - Train metrics: PSNR: 25.460 ; SSIM: 0.918 ; loss: 206.853
2018-06-18 02:37:05,174:INFO: - Eval metrics : PSNR: 25.638 ; SSIM: 0.915 ; loss: 196.885
2018-06-18 02:37:05,177:INFO: - Found new best accuracy
2018-06-18 02:37:05,177:INFO: Epoch 8/20
2018-06-18 02:37:17,341:INFO: - Train metrics: PSNR: 25.333 ; SSIM: 0.915 ; loss: 221.115
2018-06-18 02:37:20,902:INFO: - Eval metrics : PSNR: 25.802 ; SSIM: 0.918 ; loss: 189.937
2018-06-18 02:37:20,905:INFO: - Found new best accuracy
2018-06-18 02:37:20,906:INFO: Epoch 9/20
2018-06-18 02:37:33,158:INFO: - Train metrics: PSNR: 25.480 ; SSIM: 0.919 ; loss: 208.568
2018-06-18 02:37:36,826:INFO: - Eval metrics : PSNR: 25.916 ; SSIM: 0.921 ; loss: 185.354
2018-06-18 02:37:36,833:INFO: - Found new best accuracy
2018-06-18 02:37:36,833:INFO: Epoch 10/20
2018-06-18 02:37:49,043:INFO: - Train metrics: PSNR: 25.999 ; SSIM: 0.927 ; loss: 181.710
2018-06-18 02:37:52,622:INFO: - Eval metrics : PSNR: 26.004 ; SSIM: 0.923 ; loss: 181.970
2018-06-18 02:37:52,625:INFO: - Found new best accuracy
2018-06-18 02:37:52,626:INFO: Epoch 11/20
2018-06-18 02:38:04,728:INFO: - Train metrics: PSNR: 25.778 ; SSIM: 0.925 ; loss: 194.256
2018-06-18 02:38:08,439:INFO: - Eval metrics : PSNR: 26.059 ; SSIM: 0.924 ; loss: 179.885
2018-06-18 02:38:08,447:INFO: - Found new best accuracy
2018-06-18 02:38:08,447:INFO: Epoch 12/20
2018-06-18 02:38:20,477:INFO: - Train metrics: PSNR: 25.755 ; SSIM: 0.926 ; loss: 197.210
2018-06-18 02:38:24,498:INFO: - Eval metrics : PSNR: 26.107 ; SSIM: 0.926 ; loss: 178.095
2018-06-18 02:38:24,506:INFO: - Found new best accuracy
2018-06-18 02:38:24,507:INFO: Epoch 13/20
2018-06-18 02:38:36,594:INFO: - Train metrics: PSNR: 25.939 ; SSIM: 0.927 ; loss: 189.084
2018-06-18 02:38:40,193:INFO: - Eval metrics : PSNR: 26.139 ; SSIM: 0.927 ; loss: 176.879
2018-06-18 02:38:40,201:INFO: - Found new best accuracy
2018-06-18 02:38:40,201:INFO: Epoch 14/20
2018-06-18 02:38:52,306:INFO: - Train metrics: PSNR: 26.072 ; SSIM: 0.926 ; loss: 180.394
2018-06-18 02:38:55,976:INFO: - Eval metrics : PSNR: 26.172 ; SSIM: 0.928 ; loss: 175.672
2018-06-18 02:38:55,985:INFO: - Found new best accuracy
2018-06-18 02:38:55,985:INFO: Epoch 15/20
2018-06-18 02:39:08,263:INFO: - Train metrics: PSNR: 26.141 ; SSIM: 0.930 ; loss: 184.632
2018-06-18 02:39:11,972:INFO: - Eval metrics : PSNR: 26.192 ; SSIM: 0.929 ; loss: 174.911
2018-06-18 02:39:11,976:INFO: - Found new best accuracy
2018-06-18 02:39:11,977:INFO: Epoch 16/20
2018-06-18 02:39:24,217:INFO: - Train metrics: PSNR: 25.838 ; SSIM: 0.926 ; loss: 197.590
2018-06-18 02:39:27,778:INFO: - Eval metrics : PSNR: 26.196 ; SSIM: 0.929 ; loss: 174.807
2018-06-18 02:39:27,782:INFO: - Found new best accuracy
2018-06-18 02:39:27,782:INFO: Epoch 17/20
2018-06-18 02:39:40,010:INFO: - Train metrics: PSNR: 25.530 ; SSIM: 0.926 ; loss: 201.237
2018-06-18 02:39:43,616:INFO: - Eval metrics : PSNR: 26.236 ; SSIM: 0.930 ; loss: 173.364
2018-06-18 02:39:43,625:INFO: - Found new best accuracy
2018-06-18 02:39:43,625:INFO: Epoch 18/20
2018-06-18 02:39:55,810:INFO: - Train metrics: PSNR: 26.095 ; SSIM: 0.930 ; loss: 182.852
2018-06-18 02:39:59,429:INFO: - Eval metrics : PSNR: 26.242 ; SSIM: 0.930 ; loss: 173.050
2018-06-18 02:39:59,437:INFO: - Found new best accuracy
2018-06-18 02:39:59,438:INFO: Epoch 19/20
2018-06-18 02:40:11,499:INFO: - Train metrics: PSNR: 25.685 ; SSIM: 0.927 ; loss: 204.965
2018-06-18 02:40:15,110:INFO: - Eval metrics : PSNR: 26.270 ; SSIM: 0.931 ; loss: 172.054
2018-06-18 02:40:15,114:INFO: - Found new best accuracy
2018-06-18 02:40:15,114:INFO: Epoch 20/20
2018-06-18 02:40:27,222:INFO: - Train metrics: PSNR: 26.249 ; SSIM: 0.928 ; loss: 189.911
2018-06-18 02:40:30,781:INFO: - Eval metrics : PSNR: 26.284 ; SSIM: 0.931 ; loss: 171.490
2018-06-18 02:40:30,785:INFO: - Found new best accuracy
2022-05-06 04:30:31,118:INFO: Loading the datasets...
2022-05-06 04:30:31,169:INFO: - done.
2022-05-06 04:30:33,899:INFO: Starting training for 20 epoch(s)
2022-05-06 04:30:33,933:INFO: Epoch 1/20
2022-05-06 04:30:45,958:INFO: - Train metrics: PSNR: 4.600 ; SSIM: -0.193 ; loss: 24709.230
2022-05-06 04:30:49,581:INFO: - Eval metrics : PSNR: 6.011 ; SSIM: -0.036 ; loss: 17850.953
2022-05-06 04:30:49,588:INFO: - Found new best accuracy
2022-05-06 04:30:49,589:INFO: Epoch 2/20
2022-05-06 04:31:00,973:INFO: - Train metrics: PSNR: 6.122 ; SSIM: -0.034 ; loss: 17082.318
2022-05-06 04:31:04,629:INFO: - Eval metrics : PSNR: 7.073 ; SSIM: 0.112 ; loss: 14113.059
2022-05-06 04:31:04,637:INFO: - Found new best accuracy
2022-05-06 04:31:04,637:INFO: Epoch 3/20
2022-05-06 04:31:15,932:INFO: - Train metrics: PSNR: 6.849 ; SSIM: 0.116 ; loss: 14820.457
2022-05-06 04:31:19,545:INFO: - Eval metrics : PSNR: 8.797 ; SSIM: 0.279 ; loss: 9692.867
2022-05-06 04:31:19,551:INFO: - Found new best accuracy
2022-05-06 04:31:19,552:INFO: Epoch 4/20
2022-05-06 04:31:30,889:INFO: - Train metrics: PSNR: 8.358 ; SSIM: 0.267 ; loss: 10953.283
2022-05-06 04:31:34,534:INFO: - Eval metrics : PSNR: 13.303 ; SSIM: 0.472 ; loss: 3451.984
2022-05-06 04:31:34,541:INFO: - Found new best accuracy
2022-05-06 04:31:34,541:INFO: Epoch 5/20
2022-05-06 04:31:46,060:INFO: - Train metrics: PSNR: 13.286 ; SSIM: 0.467 ; loss: 3648.529
2022-05-06 04:31:49,657:INFO: - Eval metrics : PSNR: 20.862 ; SSIM: 0.623 ; loss: 575.121
2022-05-06 04:31:49,664:INFO: - Found new best accuracy
2022-05-06 04:31:49,664:INFO: Epoch 6/20
2022-05-06 04:32:00,918:INFO: - Train metrics: PSNR: 20.819 ; SSIM: 0.611 ; loss: 592.412
2022-05-06 04:32:04,474:INFO: - Eval metrics : PSNR: 21.205 ; SSIM: 0.792 ; loss: 535.604
2022-05-06 04:32:04,483:INFO: - Found new best accuracy
2022-05-06 04:32:04,484:INFO: Epoch 7/20
2022-05-06 04:32:15,723:INFO: - Train metrics: PSNR: 21.690 ; SSIM: 0.816 ; loss: 498.143
2022-05-06 04:32:19,339:INFO: - Eval metrics : PSNR: 22.127 ; SSIM: 0.805 ; loss: 451.365
2022-05-06 04:32:19,346:INFO: - Found new best accuracy
2022-05-06 04:32:19,347:INFO: Epoch 8/20
2022-05-06 04:32:30,641:INFO: - Train metrics: PSNR: 22.448 ; SSIM: 0.807 ; loss: 435.667
2022-05-06 04:32:34,224:INFO: - Eval metrics : PSNR: 22.217 ; SSIM: 0.810 ; loss: 442.817
2022-05-06 04:32:34,231:INFO: - Found new best accuracy
2022-05-06 04:32:34,232:INFO: Epoch 9/20
2022-05-06 04:32:45,435:INFO: - Train metrics: PSNR: 22.600 ; SSIM: 0.811 ; loss: 418.012
2022-05-06 04:32:49,070:INFO: - Eval metrics : PSNR: 22.340 ; SSIM: 0.812 ; loss: 432.107
2022-05-06 04:32:49,077:INFO: - Found new best accuracy
2022-05-06 04:32:49,078:INFO: Epoch 10/20
2022-05-06 04:33:00,307:INFO: - Train metrics: PSNR: 22.708 ; SSIM: 0.822 ; loss: 426.888
2022-05-06 04:33:03,878:INFO: - Eval metrics : PSNR: 22.534 ; SSIM: 0.812 ; loss: 415.359
2022-05-06 04:33:03,885:INFO: - Found new best accuracy
2022-05-06 04:33:03,886:INFO: Epoch 11/20
2022-05-06 04:33:15,262:INFO: - Train metrics: PSNR: 22.952 ; SSIM: 0.817 ; loss: 386.923
2022-05-06 04:33:18,882:INFO: - Eval metrics : PSNR: 22.690 ; SSIM: 0.815 ; loss: 402.609
2022-05-06 04:33:18,889:INFO: - Found new best accuracy
2022-05-06 04:33:18,890:INFO: Epoch 12/20
2022-05-06 04:33:30,168:INFO: - Train metrics: PSNR: 22.388 ; SSIM: 0.802 ; loss: 422.198
2022-05-06 04:33:33,748:INFO: - Eval metrics : PSNR: 22.847 ; SSIM: 0.816 ; loss: 389.875
2022-05-06 04:33:33,756:INFO: - Found new best accuracy
2022-05-06 04:33:33,757:INFO: Epoch 13/20
2022-05-06 04:33:44,884:INFO: - Train metrics: PSNR: 22.798 ; SSIM: 0.811 ; loss: 388.777
2022-05-06 04:33:48,458:INFO: - Eval metrics : PSNR: 23.032 ; SSIM: 0.814 ; loss: 375.855
2022-05-06 04:33:48,465:INFO: - Found new best accuracy
2022-05-06 04:33:48,465:INFO: Epoch 14/20
2022-05-06 04:33:59,750:INFO: - Train metrics: PSNR: 23.343 ; SSIM: 0.817 ; loss: 359.119
2022-05-06 04:34:03,331:INFO: - Eval metrics : PSNR: 23.240 ; SSIM: 0.815 ; loss: 360.956
2022-05-06 04:34:03,339:INFO: - Found new best accuracy
2022-05-06 04:34:03,339:INFO: Epoch 15/20
2022-05-06 04:34:14,554:INFO: - Train metrics: PSNR: 22.668 ; SSIM: 0.801 ; loss: 415.108
2022-05-06 04:34:18,090:INFO: - Eval metrics : PSNR: 23.456 ; SSIM: 0.816 ; loss: 345.874
2022-05-06 04:34:18,097:INFO: - Found new best accuracy
2022-05-06 04:34:18,098:INFO: Epoch 16/20
2022-05-06 04:34:29,269:INFO: - Train metrics: PSNR: 23.619 ; SSIM: 0.817 ; loss: 362.524
2022-05-06 04:34:32,852:INFO: - Eval metrics : PSNR: 23.696 ; SSIM: 0.817 ; loss: 330.302
2022-05-06 04:34:32,860:INFO: - Found new best accuracy
2022-05-06 04:34:32,861:INFO: Epoch 17/20
2022-05-06 04:34:44,163:INFO: - Train metrics: PSNR: 23.942 ; SSIM: 0.812 ; loss: 340.126
2022-05-06 04:34:47,740:INFO: - Eval metrics : PSNR: 23.949 ; SSIM: 0.819 ; loss: 314.415
2022-05-06 04:34:47,747:INFO: - Found new best accuracy
2022-05-06 04:34:47,748:INFO: Epoch 18/20
2022-05-06 04:34:59,114:INFO: - Train metrics: PSNR: 23.855 ; SSIM: 0.809 ; loss: 322.517
2022-05-06 04:35:02,683:INFO: - Eval metrics : PSNR: 24.227 ; SSIM: 0.821 ; loss: 297.958
2022-05-06 04:35:02,690:INFO: - Found new best accuracy
2022-05-06 04:35:02,691:INFO: Epoch 19/20
2022-05-06 04:35:13,934:INFO: - Train metrics: PSNR: 24.898 ; SSIM: 0.842 ; loss: 268.730
2022-05-06 04:35:17,549:INFO: - Eval metrics : PSNR: 24.541 ; SSIM: 0.823 ; loss: 279.368
2022-05-06 04:35:17,555:INFO: - Found new best accuracy
2022-05-06 04:35:17,556:INFO: Epoch 20/20
2022-05-06 04:35:28,769:INFO: - Train metrics: PSNR: 24.575 ; SSIM: 0.822 ; loss: 296.982
2022-05-06 04:35:32,317:INFO: - Eval metrics : PSNR: 24.827 ; SSIM: 0.826 ; loss: 264.311
2022-05-06 04:35:32,323:INFO: - Found new best accuracy
2022-05-19 16:26:20,394:INFO: Loading the datasets...
2022-05-19 16:26:20,451:INFO: - done.
2022-05-19 16:26:24,675:INFO: Starting training for 20 epoch(s)
2022-05-19 16:26:24,691:INFO: Epoch 1/20
2022-05-19 16:26:36,285:INFO: - Train metrics: PSNR: 22.267 ; SSIM: 0.723 ; loss: 2537.460
2022-05-19 16:26:41,281:INFO: - Eval metrics : PSNR: 25.596 ; SSIM: 0.811 ; loss: 253.364
2022-05-19 16:26:41,284:INFO: - Found new best accuracy
2022-05-19 16:26:41,285:INFO: Epoch 2/20
2022-05-19 16:26:51,973:INFO: - Train metrics: PSNR: 25.800 ; SSIM: 0.815 ; loss: 230.762
2022-05-19 16:26:56,875:INFO: - Eval metrics : PSNR: 26.905 ; SSIM: 0.824 ; loss: 212.408
2022-05-19 16:26:56,879:INFO: - Found new best accuracy
2022-05-19 16:26:56,879:INFO: Epoch 3/20
2022-05-19 16:27:07,566:INFO: - Train metrics: PSNR: 26.586 ; SSIM: 0.823 ; loss: 224.985
2022-05-19 16:27:12,580:INFO: - Eval metrics : PSNR: 27.209 ; SSIM: 0.829 ; loss: 201.799
2022-05-19 16:27:12,584:INFO: - Found new best accuracy
2022-05-19 16:27:12,584:INFO: Epoch 4/20
2022-05-19 16:27:23,314:INFO: - Train metrics: PSNR: 27.444 ; SSIM: 0.830 ; loss: 194.087
2022-05-19 16:27:28,334:INFO: - Eval metrics : PSNR: 27.352 ; SSIM: 0.832 ; loss: 196.541
2022-05-19 16:27:28,338:INFO: - Found new best accuracy
2022-05-19 16:27:28,338:INFO: Epoch 5/20
2022-05-19 16:27:39,130:INFO: - Train metrics: PSNR: 28.607 ; SSIM: 0.855 ; loss: 139.480
2022-05-19 16:27:44,154:INFO: - Eval metrics : PSNR: 27.470 ; SSIM: 0.834 ; loss: 192.063
2022-05-19 16:27:44,158:INFO: - Found new best accuracy
2022-05-19 16:27:44,158:INFO: Epoch 6/20
2022-05-19 16:27:54,994:INFO: - Train metrics: PSNR: 29.102 ; SSIM: 0.878 ; loss: 135.383
2022-05-19 16:27:59,892:INFO: - Eval metrics : PSNR: 27.503 ; SSIM: 0.835 ; loss: 189.263
2022-05-19 16:27:59,896:INFO: - Found new best accuracy
2022-05-19 16:27:59,896:INFO: Epoch 7/20
2022-05-19 16:28:10,624:INFO: - Train metrics: PSNR: 28.354 ; SSIM: 0.874 ; loss: 142.894
2022-05-19 16:28:15,594:INFO: - Eval metrics : PSNR: 27.622 ; SSIM: 0.836 ; loss: 185.626
2022-05-19 16:28:15,598:INFO: - Found new best accuracy
2022-05-19 16:28:15,599:INFO: Epoch 8/20
2022-05-19 16:28:26,361:INFO: - Train metrics: PSNR: 27.283 ; SSIM: 0.823 ; loss: 221.519
2022-05-19 16:28:31,460:INFO: - Eval metrics : PSNR: 27.623 ; SSIM: 0.837 ; loss: 184.320
2022-05-19 16:28:31,464:INFO: - Found new best accuracy
2022-05-19 16:28:31,464:INFO: Epoch 9/20
2022-05-19 16:28:42,249:INFO: - Train metrics: PSNR: 26.867 ; SSIM: 0.828 ; loss: 225.544
2022-05-19 16:28:47,204:INFO: - Eval metrics : PSNR: 27.688 ; SSIM: 0.837 ; loss: 182.337
2022-05-19 16:28:47,208:INFO: - Found new best accuracy
2022-05-19 16:28:47,208:INFO: Epoch 10/20
2022-05-19 16:28:58,036:INFO: - Train metrics: PSNR: 28.016 ; SSIM: 0.850 ; loss: 139.347
2022-05-19 16:29:03,093:INFO: - Eval metrics : PSNR: 27.167 ; SSIM: 0.837 ; loss: 190.435
2022-05-19 16:29:03,096:INFO: Epoch 11/20
2022-05-19 16:29:13,974:INFO: - Train metrics: PSNR: 27.745 ; SSIM: 0.836 ; loss: 140.209
2022-05-19 16:29:18,932:INFO: - Eval metrics : PSNR: 27.771 ; SSIM: 0.838 ; loss: 179.055
2022-05-19 16:29:18,935:INFO: - Found new best accuracy
2022-05-19 16:29:18,936:INFO: Epoch 12/20
2022-05-19 16:29:29,720:INFO: - Train metrics: PSNR: 27.304 ; SSIM: 0.839 ; loss: 198.805
2022-05-19 16:29:34,709:INFO: - Eval metrics : PSNR: 27.772 ; SSIM: 0.838 ; loss: 178.325
2022-05-19 16:29:34,713:INFO: - Found new best accuracy
2022-05-19 16:29:34,713:INFO: Epoch 13/20
2022-05-19 16:29:45,530:INFO: - Train metrics: PSNR: 29.425 ; SSIM: 0.872 ; loss: 112.620
2022-05-19 16:29:50,466:INFO: - Eval metrics : PSNR: 27.817 ; SSIM: 0.839 ; loss: 177.039
2022-05-19 16:29:50,469:INFO: - Found new best accuracy
2022-05-19 16:29:50,470:INFO: Epoch 14/20
2022-05-19 16:30:01,215:INFO: - Train metrics: PSNR: 28.724 ; SSIM: 0.862 ; loss: 126.158
2022-05-19 16:30:06,168:INFO: - Eval metrics : PSNR: 27.849 ; SSIM: 0.839 ; loss: 175.894
2022-05-19 16:30:06,172:INFO: - Found new best accuracy
2022-05-19 16:30:06,172:INFO: Epoch 15/20
2022-05-19 16:30:16,948:INFO: - Train metrics: PSNR: 26.656 ; SSIM: 0.819 ; loss: 197.074
2022-05-19 16:30:21,969:INFO: - Eval metrics : PSNR: 27.511 ; SSIM: 0.839 ; loss: 180.683
2022-05-19 16:30:21,973:INFO: Epoch 16/20
2022-05-19 16:30:32,908:INFO: - Train metrics: PSNR: 29.252 ; SSIM: 0.876 ; loss: 118.345
2022-05-19 16:30:37,827:INFO: - Eval metrics : PSNR: 27.877 ; SSIM: 0.840 ; loss: 174.654
2022-05-19 16:30:37,833:INFO: - Found new best accuracy
2022-05-19 16:30:37,834:INFO: Epoch 17/20
2022-05-19 16:30:48,664:INFO: - Train metrics: PSNR: 29.383 ; SSIM: 0.885 ; loss: 124.960
2022-05-19 16:30:53,598:INFO: - Eval metrics : PSNR: 27.869 ; SSIM: 0.840 ; loss: 174.489
2022-05-19 16:30:53,601:INFO: Epoch 18/20
2022-05-19 16:31:04,420:INFO: - Train metrics: PSNR: 29.083 ; SSIM: 0.865 ; loss: 122.016
2022-05-19 16:31:09,413:INFO: - Eval metrics : PSNR: 27.893 ; SSIM: 0.840 ; loss: 173.981
2022-05-19 16:31:09,416:INFO: - Found new best accuracy
2022-05-19 16:31:09,417:INFO: Epoch 19/20
2022-05-19 16:31:20,151:INFO: - Train metrics: PSNR: 27.523 ; SSIM: 0.843 ; loss: 181.041
2022-05-19 16:31:25,127:INFO: - Eval metrics : PSNR: 27.885 ; SSIM: 0.840 ; loss: 173.812
2022-05-19 16:31:25,131:INFO: Epoch 20/20
2022-05-19 16:31:35,876:INFO: - Train metrics: PSNR: 27.370 ; SSIM: 0.839 ; loss: 178.168
2022-05-19 16:31:40,755:INFO: - Eval metrics : PSNR: 27.912 ; SSIM: 0.840 ; loss: 173.284
2022-05-19 16:31:40,759:INFO: - Found new best accuracy
