2018-06-18 02:29:57,445:INFO: Loading the datasets...
2018-06-18 02:29:57,484:INFO: - done.
2018-06-18 02:30:01,102:INFO: Starting training for 20 epoch(s)
2018-06-18 02:30:01,103:INFO: Epoch 1/20
2018-06-18 02:30:12,922:INFO: - Train metrics: PSNR: 12.428 ; SSIM: 0.353 ; loss: 12020.750
2018-06-18 02:30:16,622:INFO: - Eval metrics : PSNR: 23.007 ; SSIM: 0.862 ; loss: 357.988
2018-06-18 02:30:16,696:INFO: - Found new best accuracy
2018-06-18 02:30:16,697:INFO: Epoch 2/20
2018-06-18 02:30:28,462:INFO: - Train metrics: PSNR: 23.719 ; SSIM: 0.887 ; loss: 307.552
2018-06-18 02:30:31,849:INFO: - Eval metrics : PSNR: 24.950 ; SSIM: 0.903 ; loss: 228.855
2018-06-18 02:30:31,851:INFO: - Found new best accuracy
2018-06-18 02:30:31,852:INFO: Epoch 3/20
2018-06-18 02:30:43,801:INFO: - Train metrics: PSNR: 25.136 ; SSIM: 0.913 ; loss: 217.111
2018-06-18 02:30:47,141:INFO: - Eval metrics : PSNR: 25.526 ; SSIM: 0.914 ; loss: 201.514
2018-06-18 02:30:47,145:INFO: - Found new best accuracy
2018-06-18 02:30:47,145:INFO: Epoch 4/20
2018-06-18 02:30:59,080:INFO: - Train metrics: PSNR: 25.325 ; SSIM: 0.920 ; loss: 213.594
2018-06-18 02:31:02,410:INFO: - Eval metrics : PSNR: 25.781 ; SSIM: 0.919 ; loss: 190.763
2018-06-18 02:31:02,414:INFO: - Found new best accuracy
2018-06-18 02:31:02,414:INFO: Epoch 5/20
2018-06-18 02:31:14,296:INFO: - Train metrics: PSNR: 25.488 ; SSIM: 0.924 ; loss: 207.087
2018-06-18 02:31:17,666:INFO: - Eval metrics : PSNR: 25.953 ; SSIM: 0.922 ; loss: 183.828
2018-06-18 02:31:17,672:INFO: - Found new best accuracy
2018-06-18 02:31:17,673:INFO: Epoch 6/20
2018-06-18 02:31:29,440:INFO: - Train metrics: PSNR: 25.746 ; SSIM: 0.929 ; loss: 192.262
2018-06-18 02:31:32,792:INFO: - Eval metrics : PSNR: 26.134 ; SSIM: 0.926 ; loss: 176.980
2018-06-18 02:31:32,798:INFO: - Found new best accuracy
2018-06-18 02:31:32,798:INFO: Epoch 7/20
2018-06-18 02:31:44,813:INFO: - Train metrics: PSNR: 26.233 ; SSIM: 0.932 ; loss: 175.104
2018-06-18 02:31:48,109:INFO: - Eval metrics : PSNR: 26.256 ; SSIM: 0.929 ; loss: 172.593
2018-06-18 02:31:48,115:INFO: - Found new best accuracy
2018-06-18 02:31:48,116:INFO: Epoch 8/20
2018-06-18 02:32:00,127:INFO: - Train metrics: PSNR: 25.921 ; SSIM: 0.926 ; loss: 197.021
2018-06-18 02:32:03,410:INFO: - Eval metrics : PSNR: 26.300 ; SSIM: 0.931 ; loss: 171.005
2018-06-18 02:32:03,412:INFO: - Found new best accuracy
2018-06-18 02:32:03,413:INFO: Epoch 9/20
2018-06-18 02:32:15,345:INFO: - Train metrics: PSNR: 26.011 ; SSIM: 0.929 ; loss: 187.975
2018-06-18 02:32:18,686:INFO: - Eval metrics : PSNR: 26.359 ; SSIM: 0.932 ; loss: 168.995
2018-06-18 02:32:18,694:INFO: - Found new best accuracy
2018-06-18 02:32:18,694:INFO: Epoch 10/20
2018-06-18 02:32:30,508:INFO: - Train metrics: PSNR: 26.497 ; SSIM: 0.936 ; loss: 163.044
2018-06-18 02:32:33,844:INFO: - Eval metrics : PSNR: 26.430 ; SSIM: 0.934 ; loss: 166.663
2018-06-18 02:32:33,848:INFO: - Found new best accuracy
2018-06-18 02:32:33,848:INFO: Epoch 11/20
2018-06-18 02:32:45,794:INFO: - Train metrics: PSNR: 26.279 ; SSIM: 0.934 ; loss: 175.159
2018-06-18 02:32:49,118:INFO: - Eval metrics : PSNR: 26.462 ; SSIM: 0.933 ; loss: 165.561
2018-06-18 02:32:49,122:INFO: - Found new best accuracy
2018-06-18 02:32:49,122:INFO: Epoch 12/20
2018-06-18 02:33:00,929:INFO: - Train metrics: PSNR: 26.199 ; SSIM: 0.934 ; loss: 180.707
2018-06-18 02:33:04,248:INFO: - Eval metrics : PSNR: 26.505 ; SSIM: 0.936 ; loss: 164.179
2018-06-18 02:33:04,254:INFO: - Found new best accuracy
2018-06-18 02:33:04,255:INFO: Epoch 13/20
2018-06-18 02:33:16,223:INFO: - Train metrics: PSNR: 26.363 ; SSIM: 0.936 ; loss: 173.373
2018-06-18 02:33:19,614:INFO: - Eval metrics : PSNR: 26.373 ; SSIM: 0.935 ; loss: 168.436
2018-06-18 02:33:19,620:INFO: Epoch 14/20
2018-06-18 02:33:31,510:INFO: - Train metrics: PSNR: 26.419 ; SSIM: 0.934 ; loss: 167.991
2018-06-18 02:33:34,836:INFO: - Eval metrics : PSNR: 26.554 ; SSIM: 0.937 ; loss: 162.613
2018-06-18 02:33:34,845:INFO: - Found new best accuracy
2018-06-18 02:33:34,845:INFO: Epoch 15/20
2018-06-18 02:33:46,701:INFO: - Train metrics: PSNR: 26.504 ; SSIM: 0.937 ; loss: 171.721
2018-06-18 02:33:50,054:INFO: - Eval metrics : PSNR: 26.469 ; SSIM: 0.937 ; loss: 165.273
2018-06-18 02:33:50,060:INFO: Epoch 16/20
2018-06-18 02:34:01,878:INFO: - Train metrics: PSNR: 26.183 ; SSIM: 0.934 ; loss: 184.862
2018-06-18 02:34:05,301:INFO: - Eval metrics : PSNR: 26.282 ; SSIM: 0.932 ; loss: 171.466
2018-06-18 02:34:05,307:INFO: Epoch 17/20
2018-06-18 02:34:17,292:INFO: - Train metrics: PSNR: 25.800 ; SSIM: 0.931 ; loss: 190.871
2018-06-18 02:34:20,632:INFO: - Eval metrics : PSNR: 26.589 ; SSIM: 0.938 ; loss: 161.467
2018-06-18 02:34:20,635:INFO: - Found new best accuracy
2018-06-18 02:34:20,636:INFO: Epoch 18/20
2018-06-18 02:34:32,575:INFO: - Train metrics: PSNR: 26.537 ; SSIM: 0.938 ; loss: 167.431
2018-06-18 02:34:36,018:INFO: - Eval metrics : PSNR: 26.490 ; SSIM: 0.938 ; loss: 164.593
2018-06-18 02:34:36,024:INFO: Epoch 19/20
2018-06-18 02:34:48,088:INFO: - Train metrics: PSNR: 25.996 ; SSIM: 0.934 ; loss: 192.924
2018-06-18 02:34:51,494:INFO: - Eval metrics : PSNR: 26.610 ; SSIM: 0.938 ; loss: 160.770
2018-06-18 02:34:51,501:INFO: - Found new best accuracy
2018-06-18 02:34:51,501:INFO: Epoch 20/20
2018-06-18 02:35:03,650:INFO: - Train metrics: PSNR: 26.624 ; SSIM: 0.936 ; loss: 176.916
2018-06-18 02:35:07,035:INFO: - Eval metrics : PSNR: 26.506 ; SSIM: 0.938 ; loss: 164.013
2022-05-06 04:25:17,081:INFO: Loading the datasets...
2022-05-06 04:25:17,120:INFO: - done.
2022-05-06 04:25:19,911:INFO: Starting training for 20 epoch(s)
2022-05-06 04:25:19,952:INFO: Epoch 1/20
2022-05-06 04:25:32,070:INFO: - Train metrics: PSNR: 4.600 ; SSIM: -0.193 ; loss: 24709.230
2022-05-06 04:25:35,738:INFO: - Eval metrics : PSNR: 13.390 ; SSIM: 0.391 ; loss: 3443.508
2022-05-06 04:25:35,745:INFO: - Found new best accuracy
2022-05-06 04:25:35,745:INFO: Epoch 2/20
2022-05-06 04:25:47,267:INFO: - Train metrics: PSNR: 13.639 ; SSIM: 0.391 ; loss: 3223.486
2022-05-06 04:25:51,007:INFO: - Eval metrics : PSNR: 20.992 ; SSIM: 0.737 ; loss: 578.673
2022-05-06 04:25:51,014:INFO: - Found new best accuracy
2022-05-06 04:25:51,014:INFO: Epoch 3/20
2022-05-06 04:26:02,457:INFO: - Train metrics: PSNR: 20.703 ; SSIM: 0.720 ; loss: 628.252
2022-05-06 04:26:06,199:INFO: - Eval metrics : PSNR: 21.189 ; SSIM: 0.789 ; loss: 543.074
2022-05-06 04:26:06,206:INFO: - Found new best accuracy
2022-05-06 04:26:06,207:INFO: Epoch 4/20
2022-05-06 04:26:17,689:INFO: - Train metrics: PSNR: 21.222 ; SSIM: 0.786 ; loss: 523.651
2022-05-06 04:26:21,466:INFO: - Eval metrics : PSNR: 21.512 ; SSIM: 0.810 ; loss: 517.696
2022-05-06 04:26:21,472:INFO: - Found new best accuracy
2022-05-06 04:26:21,473:INFO: Epoch 5/20
2022-05-06 04:26:32,939:INFO: - Train metrics: PSNR: 21.687 ; SSIM: 0.817 ; loss: 511.625
2022-05-06 04:26:36,628:INFO: - Eval metrics : PSNR: 21.721 ; SSIM: 0.808 ; loss: 492.081
2022-05-06 04:26:36,635:INFO: - Found new best accuracy
2022-05-06 04:26:36,635:INFO: Epoch 6/20
2022-05-06 04:26:48,079:INFO: - Train metrics: PSNR: 21.671 ; SSIM: 0.793 ; loss: 509.432
2022-05-06 04:26:51,799:INFO: - Eval metrics : PSNR: 21.933 ; SSIM: 0.813 ; loss: 470.941
2022-05-06 04:26:51,806:INFO: - Found new best accuracy
2022-05-06 04:26:51,807:INFO: Epoch 7/20
2022-05-06 04:27:03,242:INFO: - Train metrics: PSNR: 22.615 ; SSIM: 0.837 ; loss: 424.094
2022-05-06 04:27:06,940:INFO: - Eval metrics : PSNR: 22.199 ; SSIM: 0.815 ; loss: 447.834
2022-05-06 04:27:06,947:INFO: - Found new best accuracy
2022-05-06 04:27:06,948:INFO: Epoch 8/20
2022-05-06 04:27:18,492:INFO: - Train metrics: PSNR: 22.523 ; SSIM: 0.817 ; loss: 430.515
2022-05-06 04:27:22,242:INFO: - Eval metrics : PSNR: 22.640 ; SSIM: 0.819 ; loss: 412.613
2022-05-06 04:27:22,250:INFO: - Found new best accuracy
2022-05-06 04:27:22,250:INFO: Epoch 9/20
2022-05-06 04:27:33,721:INFO: - Train metrics: PSNR: 23.057 ; SSIM: 0.819 ; loss: 387.812
2022-05-06 04:27:37,439:INFO: - Eval metrics : PSNR: 23.457 ; SSIM: 0.823 ; loss: 351.534
2022-05-06 04:27:37,447:INFO: - Found new best accuracy
2022-05-06 04:27:37,447:INFO: Epoch 10/20
2022-05-06 04:27:49,000:INFO: - Train metrics: PSNR: 23.905 ; SSIM: 0.833 ; loss: 347.292
2022-05-06 04:27:52,751:INFO: - Eval metrics : PSNR: 24.623 ; SSIM: 0.826 ; loss: 282.288
2022-05-06 04:27:52,758:INFO: - Found new best accuracy
2022-05-06 04:27:52,759:INFO: Epoch 11/20
2022-05-06 04:28:04,254:INFO: - Train metrics: PSNR: 25.094 ; SSIM: 0.830 ; loss: 262.887
2022-05-06 04:28:07,984:INFO: - Eval metrics : PSNR: 25.309 ; SSIM: 0.831 ; loss: 246.541
2022-05-06 04:28:07,992:INFO: - Found new best accuracy
2022-05-06 04:28:07,993:INFO: Epoch 12/20
2022-05-06 04:28:19,491:INFO: - Train metrics: PSNR: 24.973 ; SSIM: 0.820 ; loss: 256.683
2022-05-06 04:28:23,251:INFO: - Eval metrics : PSNR: 25.350 ; SSIM: 0.834 ; loss: 242.904
2022-05-06 04:28:23,258:INFO: - Found new best accuracy
2022-05-06 04:28:23,258:INFO: Epoch 13/20
2022-05-06 04:28:34,966:INFO: - Train metrics: PSNR: 25.379 ; SSIM: 0.832 ; loss: 228.081
2022-05-06 04:28:38,751:INFO: - Eval metrics : PSNR: 25.604 ; SSIM: 0.836 ; loss: 232.164
2022-05-06 04:28:38,759:INFO: - Found new best accuracy
2022-05-06 04:28:38,760:INFO: Epoch 14/20
2022-05-06 04:28:50,178:INFO: - Train metrics: PSNR: 26.053 ; SSIM: 0.837 ; loss: 222.406
2022-05-06 04:28:53,830:INFO: - Eval metrics : PSNR: 25.755 ; SSIM: 0.837 ; loss: 226.021
2022-05-06 04:28:53,838:INFO: - Found new best accuracy
2022-05-06 04:28:53,838:INFO: Epoch 15/20
2022-05-06 04:29:05,335:INFO: - Train metrics: PSNR: 25.161 ; SSIM: 0.824 ; loss: 261.099
2022-05-06 04:29:09,080:INFO: - Eval metrics : PSNR: 25.826 ; SSIM: 0.838 ; loss: 222.959
2022-05-06 04:29:09,087:INFO: - Found new best accuracy
2022-05-06 04:29:09,088:INFO: Epoch 16/20
2022-05-06 04:29:20,577:INFO: - Train metrics: PSNR: 26.027 ; SSIM: 0.839 ; loss: 239.859
2022-05-06 04:29:24,312:INFO: - Eval metrics : PSNR: 25.926 ; SSIM: 0.839 ; loss: 219.397
2022-05-06 04:29:24,319:INFO: - Found new best accuracy
2022-05-06 04:29:24,319:INFO: Epoch 17/20
2022-05-06 04:29:35,949:INFO: - Train metrics: PSNR: 26.335 ; SSIM: 0.837 ; loss: 229.455
2022-05-06 04:29:39,669:INFO: - Eval metrics : PSNR: 26.030 ; SSIM: 0.841 ; loss: 215.876
2022-05-06 04:29:39,681:INFO: - Found new best accuracy
2022-05-06 04:29:39,681:INFO: Epoch 18/20
2022-05-06 04:29:51,258:INFO: - Train metrics: PSNR: 25.860 ; SSIM: 0.828 ; loss: 221.673
2022-05-06 04:29:54,947:INFO: - Eval metrics : PSNR: 26.113 ; SSIM: 0.841 ; loss: 213.284
2022-05-06 04:29:54,955:INFO: - Found new best accuracy
2022-05-06 04:29:54,956:INFO: Epoch 19/20
2022-05-06 04:30:06,500:INFO: - Train metrics: PSNR: 26.925 ; SSIM: 0.863 ; loss: 185.646
2022-05-06 04:30:10,259:INFO: - Eval metrics : PSNR: 26.231 ; SSIM: 0.842 ; loss: 209.801
2022-05-06 04:30:10,267:INFO: - Found new best accuracy
2022-05-06 04:30:10,267:INFO: Epoch 20/20
2022-05-06 04:30:21,829:INFO: - Train metrics: PSNR: 26.382 ; SSIM: 0.843 ; loss: 221.883
2022-05-06 04:30:25,591:INFO: - Eval metrics : PSNR: 26.344 ; SSIM: 0.842 ; loss: 206.695
2022-05-06 04:30:25,598:INFO: - Found new best accuracy
